2026-02-03 11:05:17,346 INFO  com.employee.services.EmployeeService - add employee request recieved for name F 1222
2026-02-03 11:05:17,454 INFO  com.employee.services.EmployeeService - employee added succesfully with name F 1222
2026-02-03 11:05:17,454 INFO  com.employee.services.EmployeeService - fetch all employees request recieved
2026-02-03 11:05:17,455 INFO  com.employee.services.EmployeeService - fetch all the employees successfully
2026-02-03 12:11:50,143 INFO  com.employee.services.EmployeeService - delete employee request recieved for id TEK-17
2026-02-03 12:11:50,156 INFO  com.employee.services.EmployeeService - fetch all employees request recieved
2026-02-03 12:11:50,171 INFO  com.employee.services.EmployeeService - fetch all the employees successfully
2026-02-03 12:12:52,967 INFO  com.employee.services.EmployeeService - add employee request recieved for name SAI VINAY
2026-02-03 12:12:53,040 INFO  com.employee.services.EmployeeService - employee added succesfully with name SAI VINAY
2026-02-03 12:12:53,040 INFO  com.employee.services.EmployeeService - fetch all employees request recieved
2026-02-03 12:12:53,041 INFO  com.employee.services.EmployeeService - fetch all the employees successfully
2026-02-03 13:05:01,251 INFO  com.employee.services.EmployeeService - add employee request recieved for name 1233 23
2026-02-03 13:05:01,252 WARN  com.employee.services.EmployeeService - validation failed: invalid Dob for name 1233 23
2026-02-03 16:09:46,000 INFO  com.employee.services.EmployeeService - add employee request recieved for name RAHUL K
2026-02-03 16:09:46,077 INFO  com.employee.services.EmployeeService - employee added succesfully with name RAHUL K
2026-02-03 16:09:46,077 INFO  com.employee.services.EmployeeService - fetch all employees request recieved
2026-02-03 16:09:46,078 INFO  com.employee.services.EmployeeService - fetch all the employees successfully
2026-02-03 16:09:59,032 INFO  com.employee.services.EmployeeService - delete employee request recieved for id TEK-18
2026-02-03 16:09:59,038 INFO  com.employee.services.EmployeeService - fetch all employees request recieved
2026-02-03 16:09:59,039 INFO  com.employee.services.EmployeeService - fetch all the employees successfully
2026-02-03 16:10:28,842 INFO  com.employee.services.EmployeeService - add employee request recieved for name RAHUL K
2026-02-03 16:10:28,842 WARN  com.employee.services.EmployeeService - validation failed: invalid Dob for name RAHUL K
